<?xml version="1.0" encoding="UTF-8"?>
<!-- Generated by org.testng.reporters.JUnitReportReporter -->
<testsuite skipped="0" hostname="DESKTOP-UODP211" name="com.webapp.FoodBox_Testing.CustomerRegister" tests="3" failures="0" timestamp="5 Jul 2022 06:41:00 GMT" time="21.458" errors="0">
  <testcase name="Setup" time="12.557" classname="com.webapp.FoodBox_Testing.CustomerRegister"/>
  <testcase name="CustRegister" time="8.794" classname="com.webapp.FoodBox_Testing.CustomerRegister"/>
  <testcase name="TearDown" time="0.107" classname="com.webapp.FoodBox_Testing.CustomerRegister"/>
</testsuite> <!-- com.webapp.FoodBox_Testing.CustomerRegister -->
