<?xml version="1.0" encoding="UTF-8"?>
<!-- Generated by org.testng.reporters.JUnitReportReporter -->
<testsuite skipped="0" hostname="DESKTOP-UODP211" name="com.webapp.FoodBox_Testing.FoodPurchase" tests="8" failures="0" timestamp="5 Jul 2022 06:41:00 GMT" time="29.872" errors="0">
  <testcase name="TearDown" time="0.088" classname="com.webapp.FoodBox_Testing.FoodPurchase"/>
  <testcase name="CheckOut" time="7.671" classname="com.webapp.FoodBox_Testing.FoodPurchase"/>
  <testcase name="Setup" time="6.722" classname="com.webapp.FoodBox_Testing.FoodPurchase"/>
  <testcase name="SelectProd" time="6.372" classname="com.webapp.FoodBox_Testing.FoodPurchase"/>
  <testcase name="SearchBar" time="2.139" classname="com.webapp.FoodBox_Testing.FoodPurchase"/>
  <testcase name="ProductPage" time="2.109" classname="com.webapp.FoodBox_Testing.FoodPurchase"/>
  <testcase name="CustLoginSuccess" time="2.596" classname="com.webapp.FoodBox_Testing.FoodPurchase"/>
  <testcase name="Cart" time="2.175" classname="com.webapp.FoodBox_Testing.FoodPurchase"/>
</testsuite> <!-- com.webapp.FoodBox_Testing.FoodPurchase -->
