<?xml version="1.0" encoding="UTF-8"?>
<!-- Generated by org.testng.reporters.JUnitReportReporter -->
<testsuite skipped="0" hostname="DESKTOP-UODP211" name="com.webapp.FoodBox_Testing.AdminOperations" tests="6" failures="0" timestamp="12 Jun 2022 17:54:39 GMT" time="32.993" errors="0">
  <testcase name="ProductCreation" time="11.407" classname="com.webapp.FoodBox_Testing.AdminOperations"/>
  <testcase name="ProductUpdation" time="6.707" classname="com.webapp.FoodBox_Testing.AdminOperations"/>
  <testcase name="ProductDeletion" time="0.890" classname="com.webapp.FoodBox_Testing.AdminOperations"/>
  <testcase name="AdmLogin" time="5.191" classname="com.webapp.FoodBox_Testing.AdminOperations"/>
  <testcase name="TearDown" time="1.854" classname="com.webapp.FoodBox_Testing.AdminOperations"/>
  <testcase name="Setup" time="6.944" classname="com.webapp.FoodBox_Testing.AdminOperations"/>
</testsuite> <!-- com.webapp.FoodBox_Testing.AdminOperations -->
