<?xml version="1.0" encoding="UTF-8"?>
<!-- Generated by org.testng.reporters.JUnitReportReporter -->
<testsuite skipped="0" hostname="DESKTOP-UODP211" name="com.webapp.FoodBox_Testing.AdminOperations" tests="6" failures="0" timestamp="5 Jul 2022 06:41:00 GMT" time="33.540" errors="0">
  <testcase name="ProductCreation" time="11.802" classname="com.webapp.FoodBox_Testing.AdminOperations"/>
  <testcase name="AdmLogin" time="5.708" classname="com.webapp.FoodBox_Testing.AdminOperations"/>
  <testcase name="TearDown" time="1.921" classname="com.webapp.FoodBox_Testing.AdminOperations"/>
  <testcase name="ProductDeletion" time="0.892" classname="com.webapp.FoodBox_Testing.AdminOperations"/>
  <testcase name="ProductUpdation" time="6.666" classname="com.webapp.FoodBox_Testing.AdminOperations"/>
  <testcase name="Setup" time="6.551" classname="com.webapp.FoodBox_Testing.AdminOperations"/>
</testsuite> <!-- com.webapp.FoodBox_Testing.AdminOperations -->
