<?xml version="1.0" encoding="UTF-8"?>
<!-- Generated by org.testng.reporters.JUnitReportReporter -->
<testsuite skipped="0" hostname="DESKTOP-UODP211" name="com.webapp.FoodBox_Testing.CustomerRegister" tests="3" failures="0" timestamp="13 Jun 2022 03:24:38 GMT" time="16.254" errors="0">
  <testcase name="Setup" time="7.454" classname="com.webapp.FoodBox_Testing.CustomerRegister"/>
  <testcase name="CustRegister" time="8.703" classname="com.webapp.FoodBox_Testing.CustomerRegister"/>
  <testcase name="TearDown" time="0.097" classname="com.webapp.FoodBox_Testing.CustomerRegister"/>
</testsuite> <!-- com.webapp.FoodBox_Testing.CustomerRegister -->
