<?xml version="1.0" encoding="UTF-8"?>
<!-- Generated by org.testng.reporters.JUnitReportReporter -->
<testsuite skipped="0" hostname="DESKTOP-UODP211" name="com.webapp.FoodBox_Testing.CustomerRegister" tests="3" failures="0" timestamp="11 Jun 2022 17:32:14 GMT" time="15.420" errors="0">
  <testcase name="TearDown" time="0.075" classname="com.webapp.FoodBox_Testing.CustomerRegister"/>
  <testcase name="AdminRegister" time="8.406" classname="com.webapp.FoodBox_Testing.CustomerRegister"/>
  <testcase name="Setup" time="6.939" classname="com.webapp.FoodBox_Testing.CustomerRegister"/>
</testsuite> <!-- com.webapp.FoodBox_Testing.CustomerRegister -->
