<?xml version="1.0" encoding="UTF-8"?>
<!-- Generated by org.testng.reporters.JUnitReportReporter -->
<testsuite skipped="0" hostname="DESKTOP-UODP211" name="com.webapp.FoodBox_Testing.AdminOperations" tests="5" failures="0" timestamp="12 Jun 2022 16:16:22 GMT" time="31.727" errors="0">
  <testcase name="ProductCreation" time="11.343" classname="com.webapp.FoodBox_Testing.AdminOperations"/>
  <testcase name="ProductUpdation" time="6.705" classname="com.webapp.FoodBox_Testing.AdminOperations"/>
  <testcase name="AdmLogin" time="5.310" classname="com.webapp.FoodBox_Testing.AdminOperations"/>
  <testcase name="TearDown" time="1.424" classname="com.webapp.FoodBox_Testing.AdminOperations"/>
  <testcase name="Setup" time="6.945" classname="com.webapp.FoodBox_Testing.AdminOperations"/>
</testsuite> <!-- com.webapp.FoodBox_Testing.AdminOperations -->
