<?xml version="1.0" encoding="UTF-8"?>
<!-- Generated by org.testng.reporters.JUnitReportReporter -->
<testsuite skipped="0" hostname="DESKTOP-UODP211" name="com.webapp.FoodBox_Testing.CustomerLogin" tests="4" failures="0" timestamp="12 Jun 2022 06:56:02 GMT" time="24.472" errors="0">
  <testcase name="CustLoginFail" time="4.524" classname="com.webapp.FoodBox_Testing.CustomerLogin"/>
  <testcase name="TearDown" time="0.111" classname="com.webapp.FoodBox_Testing.CustomerLogin"/>
  <testcase name="CustLoginSuccess" time="12.603" classname="com.webapp.FoodBox_Testing.CustomerLogin"/>
  <testcase name="Setup" time="7.234" classname="com.webapp.FoodBox_Testing.CustomerLogin"/>
</testsuite> <!-- com.webapp.FoodBox_Testing.CustomerLogin -->
