<?xml version="1.0" encoding="UTF-8"?>
<!-- Generated by org.testng.reporters.JUnitReportReporter -->
<testsuite skipped="0" hostname="DESKTOP-UODP211" name="com.webapp.FoodBox_Testing.AdminLogin" tests="4" failures="0" timestamp="13 Jun 2022 03:24:38 GMT" time="17.911" errors="0">
  <testcase name="TearDown" time="0.093" classname="com.webapp.FoodBox_Testing.AdminLogin"/>
  <testcase name="Setup" time="6.324" classname="com.webapp.FoodBox_Testing.AdminLogin"/>
  <testcase name="AdmLoginFail" time="4.533" classname="com.webapp.FoodBox_Testing.AdminLogin"/>
  <testcase name="AdmLoginSuccess" time="6.961" classname="com.webapp.FoodBox_Testing.AdminLogin"/>
</testsuite> <!-- com.webapp.FoodBox_Testing.AdminLogin -->
