<?xml version="1.0" encoding="UTF-8"?>
<!-- Generated by org.testng.reporters.JUnitReportReporter -->
<testsuite skipped="0" hostname="DESKTOP-UODP211" name="com.webapp.FoodBox_Testing.FoodPurchase" tests="8" failures="0" timestamp="13 Jun 2022 03:24:38 GMT" time="29.216" errors="0">
  <testcase name="Cart" time="2.106" classname="com.webapp.FoodBox_Testing.FoodPurchase"/>
  <testcase name="CustLoginSuccess" time="2.498" classname="com.webapp.FoodBox_Testing.FoodPurchase"/>
  <testcase name="SelectProd" time="6.361" classname="com.webapp.FoodBox_Testing.FoodPurchase"/>
  <testcase name="CheckOut" time="7.618" classname="com.webapp.FoodBox_Testing.FoodPurchase"/>
  <testcase name="Setup" time="6.289" classname="com.webapp.FoodBox_Testing.FoodPurchase"/>
  <testcase name="SearchBar" time="2.124" classname="com.webapp.FoodBox_Testing.FoodPurchase"/>
  <testcase name="ProductPage" time="2.111" classname="com.webapp.FoodBox_Testing.FoodPurchase"/>
  <testcase name="TearDown" time="0.109" classname="com.webapp.FoodBox_Testing.FoodPurchase"/>
</testsuite> <!-- com.webapp.FoodBox_Testing.FoodPurchase -->
