<?xml version="1.0" encoding="UTF-8"?>
<!-- Generated by org.testng.reporters.JUnitReportReporter -->
<testsuite skipped="0" hostname="DESKTOP-UODP211" name="com.webapp.FoodBox_Testing.CustomerLogin" tests="4" failures="0" timestamp="12 Jun 2022 18:03:26 GMT" time="16.952" errors="0">
  <testcase name="CustLoginSuccess" time="6.427" classname="com.webapp.FoodBox_Testing.CustomerLogin"/>
  <testcase name="CustLoginFail" time="4.331" classname="com.webapp.FoodBox_Testing.CustomerLogin"/>
  <testcase name="TearDown" time="0.074" classname="com.webapp.FoodBox_Testing.CustomerLogin"/>
  <testcase name="Setup" time="6.120" classname="com.webapp.FoodBox_Testing.CustomerLogin"/>
</testsuite> <!-- com.webapp.FoodBox_Testing.CustomerLogin -->
