<?xml version="1.0" encoding="UTF-8"?>
<!-- Generated by org.testng.reporters.JUnitReportReporter -->
<testsuite skipped="0" hostname="DESKTOP-UODP211" name="com.webapp.FoodBox_Testing.FoodPurchase" tests="8" failures="0" timestamp="12 Jun 2022 13:09:51 GMT" time="28.925" errors="0">
  <testcase name="CheckOut" time="7.023" classname="com.webapp.FoodBox_Testing.FoodPurchase"/>
  <testcase name="CustLoginSuccess" time="2.302" classname="com.webapp.FoodBox_Testing.FoodPurchase"/>
  <testcase name="SearchBar" time="2.066" classname="com.webapp.FoodBox_Testing.FoodPurchase"/>
  <testcase name="ProductPage" time="2.070" classname="com.webapp.FoodBox_Testing.FoodPurchase"/>
  <testcase name="TearDown" time="0.070" classname="com.webapp.FoodBox_Testing.FoodPurchase"/>
  <testcase name="Setup" time="7.034" classname="com.webapp.FoodBox_Testing.FoodPurchase"/>
  <testcase name="SelectProd" time="6.247" classname="com.webapp.FoodBox_Testing.FoodPurchase"/>
  <testcase name="Cart" time="2.113" classname="com.webapp.FoodBox_Testing.FoodPurchase"/>
</testsuite> <!-- com.webapp.FoodBox_Testing.FoodPurchase -->
