<?xml version="1.0" encoding="UTF-8"?>
<!-- Generated by org.testng.reporters.JUnitReportReporter -->
<testsuite skipped="0" hostname="DESKTOP-UODP211" name="com.webapp.FoodBox_Testing.FoodPurchase" tests="8" failures="0" timestamp="12 Jun 2022 15:14:00 GMT" time="28.672" errors="0">
  <testcase name="CheckOut" time="7.006" classname="com.webapp.FoodBox_Testing.FoodPurchase"/>
  <testcase name="CustLoginSuccess" time="2.325" classname="com.webapp.FoodBox_Testing.FoodPurchase"/>
  <testcase name="SearchBar" time="2.077" classname="com.webapp.FoodBox_Testing.FoodPurchase"/>
  <testcase name="ProductPage" time="2.069" classname="com.webapp.FoodBox_Testing.FoodPurchase"/>
  <testcase name="TearDown" time="0.078" classname="com.webapp.FoodBox_Testing.FoodPurchase"/>
  <testcase name="Setup" time="6.759" classname="com.webapp.FoodBox_Testing.FoodPurchase"/>
  <testcase name="SelectProd" time="6.251" classname="com.webapp.FoodBox_Testing.FoodPurchase"/>
  <testcase name="Cart" time="2.107" classname="com.webapp.FoodBox_Testing.FoodPurchase"/>
</testsuite> <!-- com.webapp.FoodBox_Testing.FoodPurchase -->
