<?xml version="1.0" encoding="UTF-8"?>
<!-- Generated by org.testng.reporters.JUnitReportReporter -->
<testsuite skipped="0" hostname="DESKTOP-UODP211" name="com.webapp.FoodBox_Testing.AdminOperations" tests="6" failures="0" timestamp="12 Jun 2022 18:03:26 GMT" time="32.196" errors="0">
  <testcase name="Setup" time="6.172" classname="com.webapp.FoodBox_Testing.AdminOperations"/>
  <testcase name="ProductDeletion" time="0.865" classname="com.webapp.FoodBox_Testing.AdminOperations"/>
  <testcase name="AdmLogin" time="5.173" classname="com.webapp.FoodBox_Testing.AdminOperations"/>
  <testcase name="ProductUpdation" time="6.729" classname="com.webapp.FoodBox_Testing.AdminOperations"/>
  <testcase name="ProductCreation" time="11.377" classname="com.webapp.FoodBox_Testing.AdminOperations"/>
  <testcase name="TearDown" time="1.880" classname="com.webapp.FoodBox_Testing.AdminOperations"/>
</testsuite> <!-- com.webapp.FoodBox_Testing.AdminOperations -->
