<?xml version="1.0" encoding="UTF-8"?>
<!-- Generated by org.testng.reporters.JUnitReportReporter -->
<testsuite skipped="0" hostname="DESKTOP-UODP211" name="com.webapp.FoodBox_Testing.AdminLogin" tests="4" failures="0" timestamp="12 Jun 2022 07:35:09 GMT" time="19.174" errors="0">
  <testcase name="AdmLoginFail" time="4.609" classname="com.webapp.FoodBox_Testing.AdminLogin"/>
  <testcase name="AdmLoginSuccess" time="6.862" classname="com.webapp.FoodBox_Testing.AdminLogin"/>
  <testcase name="Setup" time="7.576" classname="com.webapp.FoodBox_Testing.AdminLogin"/>
  <testcase name="TearDown" time="0.127" classname="com.webapp.FoodBox_Testing.AdminLogin"/>
</testsuite> <!-- com.webapp.FoodBox_Testing.AdminLogin -->
