<?xml version="1.0" encoding="UTF-8"?>
<!-- Generated by org.testng.reporters.JUnitReportReporter -->
<testsuite skipped="0" hostname="DESKTOP-UODP211" name="com.webapp.FoodBox_Testing.FoodPurchase" tests="8" failures="0" timestamp="12 Jun 2022 18:03:26 GMT" time="27.968" errors="0">
  <testcase name="Cart" time="2.113" classname="com.webapp.FoodBox_Testing.FoodPurchase"/>
  <testcase name="CustLoginSuccess" time="2.309" classname="com.webapp.FoodBox_Testing.FoodPurchase"/>
  <testcase name="SelectProd" time="6.261" classname="com.webapp.FoodBox_Testing.FoodPurchase"/>
  <testcase name="CheckOut" time="6.984" classname="com.webapp.FoodBox_Testing.FoodPurchase"/>
  <testcase name="Setup" time="6.093" classname="com.webapp.FoodBox_Testing.FoodPurchase"/>
  <testcase name="SearchBar" time="2.082" classname="com.webapp.FoodBox_Testing.FoodPurchase"/>
  <testcase name="ProductPage" time="2.057" classname="com.webapp.FoodBox_Testing.FoodPurchase"/>
  <testcase name="TearDown" time="0.069" classname="com.webapp.FoodBox_Testing.FoodPurchase"/>
</testsuite> <!-- com.webapp.FoodBox_Testing.FoodPurchase -->
