<?xml version="1.0" encoding="UTF-8"?>
<!-- Generated by org.testng.reporters.JUnitReportReporter -->
<testsuite skipped="0" hostname="DESKTOP-UODP211" name="com.webapp.FoodBox_Testing.CustomerLogin" tests="4" failures="0" timestamp="13 Jun 2022 03:24:38 GMT" time="17.792" errors="0">
  <testcase name="CustLoginSuccess" time="6.675" classname="com.webapp.FoodBox_Testing.CustomerLogin"/>
  <testcase name="CustLoginFail" time="4.560" classname="com.webapp.FoodBox_Testing.CustomerLogin"/>
  <testcase name="TearDown" time="0.101" classname="com.webapp.FoodBox_Testing.CustomerLogin"/>
  <testcase name="Setup" time="6.456" classname="com.webapp.FoodBox_Testing.CustomerLogin"/>
</testsuite> <!-- com.webapp.FoodBox_Testing.CustomerLogin -->
