<?xml version="1.0" encoding="UTF-8"?>
<!-- Generated by org.testng.reporters.JUnitReportReporter -->
<testsuite skipped="0" hostname="DESKTOP-UODP211" name="com.webapp.FoodBox_Testing.AdminOperations" tests="6" failures="0" timestamp="13 Jun 2022 03:24:38 GMT" time="33.472" errors="0">
  <testcase name="Setup" time="6.380" classname="com.webapp.FoodBox_Testing.AdminOperations"/>
  <testcase name="ProductDeletion" time="0.901" classname="com.webapp.FoodBox_Testing.AdminOperations"/>
  <testcase name="AdmLogin" time="5.707" classname="com.webapp.FoodBox_Testing.AdminOperations"/>
  <testcase name="ProductUpdation" time="6.725" classname="com.webapp.FoodBox_Testing.AdminOperations"/>
  <testcase name="ProductCreation" time="11.798" classname="com.webapp.FoodBox_Testing.AdminOperations"/>
  <testcase name="TearDown" time="1.961" classname="com.webapp.FoodBox_Testing.AdminOperations"/>
</testsuite> <!-- com.webapp.FoodBox_Testing.AdminOperations -->
