<?xml version="1.0" encoding="UTF-8"?>
<!-- Generated by org.testng.reporters.JUnitReportReporter -->
<testsuite skipped="0" hostname="DESKTOP-UODP211" name="com.webapp.FoodBox_Testing.AdminLogin" tests="4" failures="0" timestamp="12 Jun 2022 18:03:26 GMT" time="17.125" errors="0">
  <testcase name="TearDown" time="0.067" classname="com.webapp.FoodBox_Testing.AdminLogin"/>
  <testcase name="Setup" time="6.149" classname="com.webapp.FoodBox_Testing.AdminLogin"/>
  <testcase name="AdmLoginFail" time="4.309" classname="com.webapp.FoodBox_Testing.AdminLogin"/>
  <testcase name="AdmLoginSuccess" time="6.600" classname="com.webapp.FoodBox_Testing.AdminLogin"/>
</testsuite> <!-- com.webapp.FoodBox_Testing.AdminLogin -->
