<?xml version="1.0" encoding="UTF-8"?>
<!-- Generated by org.testng.reporters.JUnitReportReporter -->
<testsuite skipped="0" hostname="DESKTOP-UODP211" name="com.webapp.FoodBox_Testing.CustomerLogin" tests="4" failures="0" timestamp="12 Jun 2022 15:12:59 GMT" time="17.742" errors="0">
  <testcase name="CustLoginFail" time="4.304" classname="com.webapp.FoodBox_Testing.CustomerLogin"/>
  <testcase name="TearDown" time="0.091" classname="com.webapp.FoodBox_Testing.CustomerLogin"/>
  <testcase name="CustLoginSuccess" time="6.431" classname="com.webapp.FoodBox_Testing.CustomerLogin"/>
  <testcase name="Setup" time="6.916" classname="com.webapp.FoodBox_Testing.CustomerLogin"/>
</testsuite> <!-- com.webapp.FoodBox_Testing.CustomerLogin -->
