<?xml version="1.0" encoding="UTF-8"?>
<!-- Generated by org.testng.reporters.JUnitReportReporter -->
<testsuite skipped="0" hostname="DESKTOP-UODP211" name="com.webapp.FoodBox_Testing.AdminLogin" tests="4" failures="0" timestamp="5 Jul 2022 06:41:00 GMT" time="18.116" errors="0">
  <testcase name="Setup" time="6.609" classname="com.webapp.FoodBox_Testing.AdminLogin"/>
  <testcase name="AdmLoginFail" time="4.559" classname="com.webapp.FoodBox_Testing.AdminLogin"/>
  <testcase name="TearDown" time="0.095" classname="com.webapp.FoodBox_Testing.AdminLogin"/>
  <testcase name="AdmLoginSuccess" time="6.853" classname="com.webapp.FoodBox_Testing.AdminLogin"/>
</testsuite> <!-- com.webapp.FoodBox_Testing.AdminLogin -->
