<?xml version="1.0" encoding="UTF-8"?>
<!-- Generated by org.testng.reporters.JUnitReportReporter -->
<testsuite skipped="0" hostname="DESKTOP-UODP211" name="com.webapp.FoodBox_Testing.CustomerRegister" tests="3" failures="0" timestamp="12 Jun 2022 18:03:26 GMT" time="15.455" errors="0">
  <testcase name="Setup" time="6.969" classname="com.webapp.FoodBox_Testing.CustomerRegister"/>
  <testcase name="CustRegister" time="8.414" classname="com.webapp.FoodBox_Testing.CustomerRegister"/>
  <testcase name="TearDown" time="0.072" classname="com.webapp.FoodBox_Testing.CustomerRegister"/>
</testsuite> <!-- com.webapp.FoodBox_Testing.CustomerRegister -->
