<?xml version="1.0" encoding="UTF-8"?>
<!-- Generated by org.testng.reporters.JUnitReportReporter -->
<testsuite skipped="0" hostname="DESKTOP-UODP211" name="com.webapp.FoodBox_Testing.CustomerLogin" tests="4" failures="0" timestamp="5 Jul 2022 06:41:00 GMT" time="19.157" errors="0">
  <testcase name="CustLoginFail" time="4.795" classname="com.webapp.FoodBox_Testing.CustomerLogin"/>
  <testcase name="CustLoginSuccess" time="6.713" classname="com.webapp.FoodBox_Testing.CustomerLogin"/>
  <testcase name="TearDown" time="0.164" classname="com.webapp.FoodBox_Testing.CustomerLogin"/>
  <testcase name="Setup" time="7.485" classname="com.webapp.FoodBox_Testing.CustomerLogin"/>
</testsuite> <!-- com.webapp.FoodBox_Testing.CustomerLogin -->
