<?xml version="1.0" encoding="UTF-8"?>
<!-- Generated by org.testng.reporters.JUnitReportReporter -->
<testsuite skipped="0" hostname="DESKTOP-UODP211" name="com.webapp.FoodBox_Testing.AdminCreateOperation" tests="4" failures="0" timestamp="12 Jun 2022 15:51:37 GMT" time="25.241" errors="0">
  <testcase name="ProductManagement" time="11.330" classname="com.webapp.FoodBox_Testing.AdminCreateOperation"/>
  <testcase name="AdmLogin" time="5.360" classname="com.webapp.FoodBox_Testing.AdminCreateOperation"/>
  <testcase name="TearDown" time="1.671" classname="com.webapp.FoodBox_Testing.AdminCreateOperation"/>
  <testcase name="Setup" time="6.880" classname="com.webapp.FoodBox_Testing.AdminCreateOperation"/>
</testsuite> <!-- com.webapp.FoodBox_Testing.AdminCreateOperation -->
